{"/Users/shanejeremich/Projects/2 - Full Sail University/9 - Server-Side Languages/unit-testing-assignment/math.js": {"path":"/Users/shanejeremich/Projects/2 - Full Sail University/9 - Server-Side Languages/unit-testing-assignment/math.js","statementMap":{"0":{"start":{"line":1,"column":10},"end":{"line":1,"column":25}},"1":{"start":{"line":1,"column":20},"end":{"line":1,"column":25}},"2":{"start":{"line":2,"column":15},"end":{"line":2,"column":30}},"3":{"start":{"line":2,"column":25},"end":{"line":2,"column":30}},"4":{"start":{"line":3,"column":13},"end":{"line":3,"column":28}},"5":{"start":{"line":3,"column":23},"end":{"line":3,"column":28}},"6":{"start":{"line":4,"column":15},"end":{"line":4,"column":30}},"7":{"start":{"line":4,"column":25},"end":{"line":4,"column":30}},"8":{"start":{"line":6,"column":11},"end":{"line":6,"column":28}},"9":{"start":{"line":6,"column":16},"end":{"line":6,"column":28}},"10":{"start":{"line":7,"column":10},"end":{"line":7,"column":34}},"11":{"start":{"line":7,"column":20},"end":{"line":7,"column":34}},"12":{"start":{"line":9,"column":0},"end":{"line":9,"column":64}}},"fnMap":{"0":{"name":"(anonymous_0)","decl":{"start":{"line":1,"column":10},"end":{"line":1,"column":11}},"loc":{"start":{"line":1,"column":20},"end":{"line":1,"column":25}},"line":1},"1":{"name":"(anonymous_1)","decl":{"start":{"line":2,"column":15},"end":{"line":2,"column":16}},"loc":{"start":{"line":2,"column":25},"end":{"line":2,"column":30}},"line":2},"2":{"name":"(anonymous_2)","decl":{"start":{"line":3,"column":13},"end":{"line":3,"column":14}},"loc":{"start":{"line":3,"column":23},"end":{"line":3,"column":28}},"line":3},"3":{"name":"(anonymous_3)","decl":{"start":{"line":4,"column":15},"end":{"line":4,"column":16}},"loc":{"start":{"line":4,"column":25},"end":{"line":4,"column":30}},"line":4},"4":{"name":"(anonymous_4)","decl":{"start":{"line":6,"column":11},"end":{"line":6,"column":12}},"loc":{"start":{"line":6,"column":16},"end":{"line":6,"column":28}},"line":6},"5":{"name":"(anonymous_5)","decl":{"start":{"line":7,"column":10},"end":{"line":7,"column":11}},"loc":{"start":{"line":7,"column":20},"end":{"line":7,"column":34}},"line":7}},"branchMap":{},"s":{"0":1,"1":1,"2":1,"3":1,"4":1,"5":1,"6":1,"7":1,"8":1,"9":1,"10":1,"11":1,"12":1},"f":{"0":1,"1":1,"2":1,"3":1,"4":1,"5":1},"b":{},"_coverageSchema":"1a1c01bbd47fc00a2c39e90264f33305004495a9","hash":"26cd594f1c6e510ac0f0ff6ba86d827cc322f77e"}
}
